Started at Wed Nov 16 08:17:24 GMT 2022
Processing CALab3Jenkins
Offering CALab3Jenkins to Project Build Discarder
Processing GitHub project
Offering GitHub project to Project Build Discarder
Processing Jenkins_GithubActionsPrj
Offering Jenkins_GithubActionsPrj to Project Build Discarder
Processing L00177576Pipeline
Offering L00177576Pipeline to Project Build Discarder
Finished at Wed Nov 16 08:17:24 GMT 2022. 0ms
Started at Wed Nov 16 09:17:24 GMT 2022
Processing CALab3Jenkins
Offering CALab3Jenkins to Project Build Discarder
Processing GitHub project
Offering GitHub project to Project Build Discarder
Processing Jenkins_GithubActionsPrj
Offering Jenkins_GithubActionsPrj to Project Build Discarder
Processing L00177576Pipeline
Offering L00177576Pipeline to Project Build Discarder
Finished at Wed Nov 16 09:17:24 GMT 2022. 0ms
